<?xml version="1.0" encoding="UTF-8" ?>
<testsuite failures="0" time="0.197" errors="0" skipped="0" tests="16" name="es.ubu.lsi.ejemplos.ByteTest">
  <properties>
    <property name="java.runtime.name" value="Java(TM) SE Runtime Environment"/>
    <property name="sun.boot.library.path" value="C:\Program Files\Java\jre7\bin"/>
    <property name="java.vm.version" value="23.25-b01"/>
    <property name="java.vm.vendor" value="Oracle Corporation"/>
    <property name="java.vendor.url" value="http://java.oracle.com/"/>
    <property name="path.separator" value=";"/>
    <property name="guice.disable.misplaced.annotation.check" value="true"/>
    <property name="java.vm.name" value="Java HotSpot(TM) Client VM"/>
    <property name="file.encoding.pkg" value="sun.io"/>
    <property name="user.script" value=""/>
    <property name="user.country" value="ES"/>
    <property name="sun.java.launcher" value="SUN_STANDARD"/>
    <property name="sun.os.patch.level" value="Service Pack 2"/>
    <property name="java.vm.specification.name" value="Java Virtual Machine Specification"/>
    <property name="user.dir" value="D:\repositorio curso desarrollo avanzado Java\EjemploBasico"/>
    <property name="java.runtime.version" value="1.7.0_25-b17"/>
    <property name="java.awt.graphicsenv" value="sun.awt.Win32GraphicsEnvironment"/>
    <property name="java.endorsed.dirs" value="C:\Program Files\Java\jre7\lib\endorsed"/>
    <property name="os.arch" value="x86"/>
    <property name="java.io.tmpdir" value="C:\Users\rmartico\AppData\Local\Temp\"/>
    <property name="line.separator" value="
"/>
    <property name="java.vm.specification.vendor" value="Oracle Corporation"/>
    <property name="user.variant" value=""/>
    <property name="os.name" value="Windows Vista"/>
    <property name="classworlds.conf" value="D:\desarrollo curso desarrollo avanzado Java\.metadata\.plugins\org.eclipse.m2e.core\launches\m2conf2660915620924077931.tmp"/>
    <property name="sun.jnu.encoding" value="Cp1252"/>
    <property name="java.library.path" value="C:\Program Files\Java\jre7\bin;C:\Windows\Sun\Java\bin;C:\Windows\system32;C:\Windows;C:/Program Files/Java/jre7/bin/client;C:/Program Files/Java/jre7/bin;C:/Program Files/Java/jre7/lib/i386;H:\oraclexe\app\oracle\product\11.2.0\server\bin;;C:\Windows\system32;C:\Windows;C:\Windows\System32\Wbem;c:\Program Files\Microsoft SQL Server\90\Tools\binn\;C:\Program Files\Common Files\Roxio Shared\10.0\DLLShared\;C:\Program Files\Common Files\Roxio Shared\DLLShared\;C:\Program Files\Common Files\Roxio Shared\DLLShared\;C:\Program Files\Common Files\Roxio Shared\10.0\DLLShared\;h:\MiKTeX 2.9\miktex\bin\;C:\Windows\System32\WindowsPowerShell\v1.0\;C:\Program Files\TortoiseSVN\bin;C:\Program Files\Intel\WiFi\bin\;C:\Program Files\B1 Free Archiver;C:\Program Files\TortoiseGit\bin;H:\ImageMagick-6.8.6-9;H:\OpenCV-2.4.6.0\opencv\build\vc11\bin;C:\Python33;C:\Program Files\gs\gs9.02\bin;H:\image-decode-win32;H:\sam2p-latest-win32;C:\Program Files\GnuWin32\bin;C:\Program Files\Git\bin;H:\apache-ant-1.9.2\bin;H:\apache-maven-3.1.1\bin;C:\Java\jdk1.7.0_21\bin;H:\adt-bundle-windows-x86-20131030\sdk\tools;H:\adt-bundle-windows-x86-20131030\sdk\platform-tools;H:\eclipse-SDK-4.2.2-ABD;;."/>
    <property name="java.specification.name" value="Java Platform API Specification"/>
    <property name="java.class.version" value="51.0"/>
    <property name="sun.management.compiler" value="HotSpot Client Compiler"/>
    <property name="os.version" value="6.0"/>
    <property name="user.home" value="C:\Users\rmartico"/>
    <property name="user.timezone" value="Europe/Paris"/>
    <property name="java.awt.printerjob" value="sun.awt.windows.WPrinterJob"/>
    <property name="java.specification.version" value="1.7"/>
    <property name="file.encoding" value="Cp1252"/>
    <property name="user.name" value="rmartico"/>
    <property name="java.class.path" value="/H:/eclipse-SDK-4.2.2-ABD/configuration/org.eclipse.osgi/bundles/692/1/.cp/jars/plexus-classworlds-2.4.jar"/>
    <property name="java.vm.specification.version" value="1.7"/>
    <property name="sun.arch.data.model" value="32"/>
    <property name="java.home" value="C:\Program Files\Java\jre7"/>
    <property name="sun.java.command" value="org.codehaus.plexus.classworlds.launcher.Launcher -B test"/>
    <property name="java.specification.vendor" value="Oracle Corporation"/>
    <property name="user.language" value="es"/>
    <property name="awt.toolkit" value="sun.awt.windows.WToolkit"/>
    <property name="java.vm.info" value="mixed mode, sharing"/>
    <property name="java.version" value="1.7.0_25"/>
    <property name="java.ext.dirs" value="C:\Program Files\Java\jre7\lib\ext;C:\Windows\Sun\Java\lib\ext"/>
    <property name="sun.boot.class.path" value="C:\Program Files\Java\jre7\lib\resources.jar;C:\Program Files\Java\jre7\lib\rt.jar;C:\Program Files\Java\jre7\lib\sunrsasign.jar;C:\Program Files\Java\jre7\lib\jsse.jar;C:\Program Files\Java\jre7\lib\jce.jar;C:\Program Files\Java\jre7\lib\charsets.jar;C:\Program Files\Java\jre7\lib\jfr.jar;C:\Program Files\Java\jre7\classes"/>
    <property name="java.vendor" value="Oracle Corporation"/>
    <property name="maven.home" value="D:\repositorio curso desarrollo avanzado Java\EjemploBasico\EMBEDDED"/>
    <property name="file.separator" value="\"/>
    <property name="java.vendor.url.bug" value="http://bugreport.sun.com/bugreport/"/>
    <property name="sun.cpu.endian" value="little"/>
    <property name="sun.io.unicode.encoding" value="UnicodeLittle"/>
    <property name="sun.desktop" value="windows"/>
    <property name="sun.cpu.isalist" value="pentium_pro+mmx pentium_pro pentium+mmx pentium i486 i386 i86"/>
  </properties>
  <testcase time="0.047" classname="es.ubu.lsi.ejemplos.ByteTest" name="constructorLongitudPeque\u00F1aPorUno"/>
  <testcase time="0" classname="es.ubu.lsi.ejemplos.ByteTest" name="constructorLongitudPeque\u00F1aUnElemento"/>
  <testcase time="0" classname="es.ubu.lsi.ejemplos.ByteTest" name="queNoPruebaNadaConstructor"/>
  <testcase time="0" classname="es.ubu.lsi.ejemplos.ByteTest" name="queNoPruebaNada2"/>
  <testcase time="0" classname="es.ubu.lsi.ejemplos.ByteTest" name="constructorLongitudGrandePorUno"/>
  <testcase time="0" classname="es.ubu.lsi.ejemplos.ByteTest" name="constructorNoTieneTodosUnosYCerosConLetra"/>
  <testcase time="0.01" classname="es.ubu.lsi.ejemplos.ByteTest" name="conversionHexTodoUnos"/>
  <testcase time="0" classname="es.ubu.lsi.ejemplos.ByteTest" name="constructorSinContenido"/>
  <testcase time="0" classname="es.ubu.lsi.ejemplos.ByteTest" name="constructorTodoCeros"/>
  <testcase time="0" classname="es.ubu.lsi.ejemplos.ByteTest" name="constructorNoTieneTodosUnosYCeros"/>
  <testcase time="0" classname="es.ubu.lsi.ejemplos.ByteTest" name="conversionHex4D"/>
  <testcase time="0" classname="es.ubu.lsi.ejemplos.ByteTest" name="conversionHex9E"/>
  <testcase time="0" classname="es.ubu.lsi.ejemplos.ByteTest" name="conversionHexA0"/>
  <testcase time="0" classname="es.ubu.lsi.ejemplos.ByteTest" name="constructorTodoUnos"/>
  <testcase time="0" classname="es.ubu.lsi.ejemplos.ByteTest" name="queNoPruebaNada"/>
  <testcase time="0" classname="es.ubu.lsi.ejemplos.ByteTest" name="conversionHexTodoCeros"/>
</testsuite>